[ 2016-06-16T10:48:39+08:00 ] 127.0.0.1 /mytkp/index.php/ttt/%E4%B8%AD%E5%9B%BD/123456
INFO: [ app_init ] --START--
INFO: Run Behavior\BuildLiteBehavior [ RunTime:0.000000s ]
INFO: [ app_init ] --END-- [ RunTime:0.000000s ]
ERR: 无法加载模块:Ttt

[ 2016-06-16T10:51:12+08:00 ] 127.0.0.1 /mytkp/index.php/ttt/%E4%B8%AD%E5%9B%BD/123456
INFO: [ app_init ] --START--
INFO: Run Behavior\BuildLiteBehavior [ RunTime:0.000000s ]
INFO: [ app_init ] --END-- [ RunTime:0.000000s ]
ERR: 无法加载模块:Ttt

[ 2016-06-16T11:02:15+08:00 ] 127.0.0.1 /mytkp/index.php/ttt/%E4%B8%AD%E5%9B%BD/123456
INFO: [ app_init ] --START--
INFO: Run Behavior\BuildLiteBehavior [ RunTime:0.000000s ]
INFO: [ app_init ] --END-- [ RunTime:0.000000s ]
ERR: 无法加载模块:Ttt

[ 2016-06-16T11:03:29+08:00 ] 127.0.0.1 /mytkp/index.php/ttt/%E4%B8%AD%E5%9B%BD/123456
INFO: [ app_init ] --START--
INFO: Run Behavior\BuildLiteBehavior [ RunTime:0.000000s ]
INFO: [ app_init ] --END-- [ RunTime:0.000000s ]
ERR: 无法加载模块:Ttt

